#
# There is insufficient memory for the Java Runtime Environment to continue.
# Native memory allocation (malloc) failed to allocate 1109296 bytes for Chunk::new
# Possible reasons:
#   The system is out of physical RAM or swap space
#   The process is running with CompressedOops enabled, and the Java Heap may be blocking the growth of the native heap
# Possible solutions:
#   Reduce memory load on the system
#   Increase physical memory or swap space
#   Check if swap backing store is full
#   Decrease Java heap size (-Xmx/-Xms)
#   Decrease number of Java threads
#   Decrease Java thread stack sizes (-Xss)
#   Set larger code cache with -XX:ReservedCodeCacheSize=
#   JVM is running with Unscaled Compressed Oops mode in which the Java heap is
#     placed in the first 4GB address space. The Java Heap base address is the
#     maximum limit for the native heap growth. Please use -XX:HeapBaseMinAddress
#     to set the Java Heap base and to place the Java Heap above 4GB virtual address.
# This output file may be truncated or incomplete.
#
#  Out of Memory Error (allocation.cpp:389), pid=12336, tid=0x0000000000002424
#
# JRE version: OpenJDK Runtime Environment (8.0_202-b03) (build 1.8.0_202-release-1483-b03)
# Java VM: OpenJDK 64-Bit Server VM (25.202-b03 mixed mode windows-amd64 compressed oops)
# Failed to write core dump. Minidumps are not enabled by default on client versions of Windows
#

---------------  T H R E A D  ---------------

Current thread (0x0000000017a30800):  JavaThread "C2 CompilerThread1" daemon [_thread_in_native, id=9252, stack(0x00000000180e0000,0x00000000181e0000)]

Stack: [0x00000000180e0000,0x00000000181e0000]
[error occurred during error reporting (printing stack bounds), id 0xc0000005]

Native frames: (J=compiled Java code, j=interpreted, Vv=VM code, C=native code)


Current CompileTask:
C2:3895533 34736       4       com.android.tools.r8.ir.regalloc.LinearScanRegisterAllocator::a (972 bytes)


---------------  P R O C E S S  ---------------

Java Threads: ( => current thread )
  0x0000000019ac6000 JavaThread "Cache worker for Java compile cache (D:\armaster\sceneform-android-sdk-master\samples\Tayu\.gradle\5.4.1\javaCompile)" [_thread_blocked, id=17300, stack(0x000000002e2c0000,0x000000002e3c0000)]
  0x0000000019ac1000 JavaThread "WorkerExecutor Queue Thread 5" [_thread_blocked, id=21580, stack(0x000000002ecc0000,0x000000002edc0000)]
  0x0000000019ac5800 JavaThread "stdout" [_thread_in_native, id=8140, stack(0x000000002ebc0000,0x000000002ecc0000)]
  0x0000000019ab8000 JavaThread "stderr" [_thread_in_native, id=19356, stack(0x000000002eac0000,0x000000002ebc0000)]
  0x0000000019abc800 JavaThread "stdout" [_thread_in_native, id=9392, stack(0x000000002e9c0000,0x000000002eac0000)]
  0x0000000019ab9800 JavaThread "stderr" [_thread_in_native, id=22452, stack(0x000000002e8c0000,0x000000002e9c0000)]
  0x0000000019aba000 JavaThread "stdout" [_thread_in_native, id=18780, stack(0x000000002e7c0000,0x000000002e8c0000)]
  0x0000000019abe000 JavaThread "stderr" [_thread_in_native, id=6860, stack(0x000000002e6c0000,0x000000002e7c0000)]
  0x000000002aeb8800 JavaThread "stdout" [_thread_in_native, id=21344, stack(0x000000002e5c0000,0x000000002e6c0000)]
  0x000000002aeb8000 JavaThread "stderr" [_thread_in_native, id=16272, stack(0x000000002e4c0000,0x000000002e5c0000)]
  0x000000002aeb5800 JavaThread "pool-29-thread-1" [_thread_blocked, id=22840, stack(0x000000002e3c0000,0x000000002e4c0000)]
  0x000000002aebb000 JavaThread "WorkerExecutor Queue Thread 3" [_thread_blocked, id=5064, stack(0x000000002e0b0000,0x000000002e1b0000)]
  0x000000002aeb9800 JavaThread "WorkerExecutor Queue Thread 2" [_thread_blocked, id=22564, stack(0x000000002e1c0000,0x000000002e2c0000)]
  0x000000002aeba000 JavaThread "WorkerExecutor Queue" [_thread_blocked, id=17608, stack(0x000000002dfb0000,0x000000002e0b0000)]
  0x000000002aeaf800 JavaThread "Cache worker for execution history cache (D:\armaster\sceneform-android-sdk-master\samples\Tayu\.gradle\5.4.1\executionHistory)" [_thread_blocked, id=10408, stack(0x000000002deb0000,0x000000002dfb0000)]
  0x000000002aeaf000 JavaThread "Execution worker for ':' Thread 3" [_thread_in_native, id=6632, stack(0x000000002bfe0000,0x000000002c0e0000)]
  0x000000002aeae000 JavaThread "Execution worker for ':' Thread 2" [_thread_in_native, id=22252, stack(0x000000002bc30000,0x000000002bd30000)]
  0x000000002aeb4000 JavaThread "Execution worker for ':'" [_thread_in_native, id=6748, stack(0x000000002a4f0000,0x000000002a5f0000)]
  0x000000002aeb2800 JavaThread "Cache worker for file content cache (D:\armaster\sceneform-android-sdk-master\samples\Tayu\.gradle\5.4.1\fileContent)" [_thread_blocked, id=10016, stack(0x0000000027e10000,0x0000000027f10000)]
  0x000000002aeb5000 JavaThread "Cache worker for Build Output Cleanup Cache (D:\armaster\sceneform-android-sdk-master\samples\Tayu\.gradle\buildOutputCleanup)" [_thread_blocked, id=22332, stack(0x0000000027710000,0x0000000027810000)]
  0x00000000188ba800 JavaThread "Build operations Thread 4" [_thread_blocked, id=14356, stack(0x0000000027210000,0x0000000027310000)]
  0x00000000188bd000 JavaThread "Build operations Thread 3" [_thread_blocked, id=10820, stack(0x0000000025f10000,0x0000000026010000)]
  0x00000000188b3000 JavaThread "Build operations Thread 2" [_thread_blocked, id=15028, stack(0x0000000025810000,0x0000000025910000)]
  0x00000000188ba000 JavaThread "Build operations" [_thread_blocked, id=13424, stack(0x0000000024d10000,0x0000000024e10000)]
  0x00000000188b2800 JavaThread "Cache worker for cache directory md-rule (C:\Users\sk902\.gradle\caches\5.4.1\md-rule)" [_thread_blocked, id=22100, stack(0x00000000238b0000,0x00000000239b0000)]
  0x00000000188b8800 JavaThread "Cache worker for cache directory md-supplier (C:\Users\sk902\.gradle\caches\5.4.1\md-supplier)" [_thread_blocked, id=19176, stack(0x0000000021d40000,0x0000000021e40000)]
  0x00000000188b1000 JavaThread "Cache worker for file hash cache (D:\armaster\sceneform-android-sdk-master\samples\Tayu\.gradle\5.4.1\fileHashes)" [_thread_blocked, id=20304, stack(0x0000000020f40000,0x0000000021040000)]
  0x00000000188b1800 JavaThread "Thread-345" [_thread_blocked, id=4480, stack(0x0000000020840000,0x0000000020940000)]
  0x00000000188b7800 JavaThread "Stdin handler" [_thread_blocked, id=12924, stack(0x0000000020540000,0x0000000020640000)]
  0x00000000188b7000 JavaThread "Asynchronous log dispatcher for DefaultDaemonConnection: socket connection from /127.0.0.1:63966 to /127.0.0.1:50232" [_thread_blocked, id=1160, stack(0x000000001e320000,0x000000001e420000)]
  0x00000000188b4800 JavaThread "Cancel handler" [_thread_blocked, id=16536, stack(0x000000001aab0000,0x000000001abb0000)]
  0x00000000188b5800 JavaThread "Handler for socket connection from /127.0.0.1:63966 to /127.0.0.1:50232" [_thread_in_native, id=8988, stack(0x000000001a3b0000,0x000000001a4b0000)]
  0x00000000188b6000 JavaThread "Daemon worker Thread 11" [_thread_in_native, id=19360, stack(0x000000001a2b0000,0x000000001a3b0000)]
  0x00000000188b0000 JavaThread "Daemon Thread 11" [_thread_blocked, id=11376, stack(0x0000000000be0000,0x0000000000ce0000)]
  0x0000000019abd000 JavaThread "Cache worker for Java compile cache (C:\Users\sk902\.gradle\caches\5.4.1\javaCompile)" [_thread_blocked, id=20144, stack(0x0000000024a10000,0x0000000024b10000)]
  0x0000000019ac0000 JavaThread "Cache worker for file content cache (C:\Users\sk902\.gradle\caches\5.4.1\fileContent)" [_thread_blocked, id=1464, stack(0x00000000237b0000,0x00000000238b0000)]
  0x0000000019ab8800 JavaThread "Memory manager" [_thread_blocked, id=3716, stack(0x0000000021a40000,0x0000000021b40000)]
  0x0000000019abb800 JavaThread "Cache worker for execution history cache (C:\Users\sk902\.gradle\caches\5.4.1\executionHistory)" [_thread_blocked, id=23004, stack(0x0000000020240000,0x0000000020340000)]
  0x0000000018cc0000 JavaThread "Cache worker for journal cache (C:\Users\sk902\.gradle\caches\journal-1)" [_thread_blocked, id=9640, stack(0x000000001afb0000,0x000000001b0b0000)]
  0x0000000018cc2000 JavaThread "File lock request listener" [_thread_in_native, id=22028, stack(0x000000001acb0000,0x000000001adb0000)]
  0x0000000018cc6800 JavaThread "Cache worker for file hash cache (C:\Users\sk902\.gradle\caches\5.4.1\fileHashes)" [_thread_blocked, id=14280, stack(0x000000001abb0000,0x000000001acb0000)]
  0x0000000017b86800 JavaThread "Daemon periodic checks" [_thread_blocked, id=22608, stack(0x000000001a1b0000,0x000000001a2b0000)]
  0x0000000017b56800 JavaThread "Incoming local TCP Connector on port 63966" [_thread_in_native, id=11300, stack(0x0000000019fd0000,0x000000001a0d0000)]
  0x00000000191e1800 JavaThread "Daemon health stats" [_thread_blocked, id=14456, stack(0x0000000019cb0000,0x0000000019db0000)]
  0x0000000017a3f800 JavaThread "Service Thread" daemon [_thread_blocked, id=5328, stack(0x00000000182e0000,0x00000000183e0000)]
  0x0000000017a3c000 JavaThread "C1 CompilerThread2" daemon [_thread_blocked, id=22836, stack(0x00000000181e0000,0x00000000182e0000)]
=>0x0000000017a30800 JavaThread "C2 CompilerThread1" daemon [_thread_in_native, id=9252, stack(0x00000000180e0000,0x00000000181e0000)]
  0x0000000016659000 JavaThread "C2 CompilerThread0" daemon [_thread_in_native, id=16308, stack(0x0000000017fe0000,0x00000000180e0000)]
  0x000000001660e800 JavaThread "Attach Listener" daemon [_thread_blocked, id=9388, stack(0x0000000017ee0000,0x0000000017fe0000)]
  0x00000000179e8800 JavaThread "Signal Dispatcher" daemon [_thread_blocked, id=12148, stack(0x0000000017de0000,0x0000000017ee0000)]
  0x0000000002c85800 JavaThread "Finalizer" daemon [_thread_blocked, id=23024, stack(0x0000000017850000,0x0000000017950000)]
  0x00000000165e9000 JavaThread "Reference Handler" daemon [_thread_blocked, id=6316, stack(0x0000000017750000,0x0000000017850000)]
  0x00000000026de800 JavaThread "main" [_thread_blocked, id=10168, stack(0x0000000002700000,0x0000000002800000)]

Other Threads:
  0x00000000165c6000 VMThread [stack: 0x0000000017650000,0x0000000017750000] [id=12944]
  0x0000000017a40800 WatcherThread [stack: 0x00000000183e0000,0x00000000184e0000] [id=20044]

VM state:not at safepoint (normal execution)

VM Mutex/Monitor currently owned by a thread: None

heap address: 0x00000000a0000000, size: 1536 MB, Compressed Oops mode: 32-bit
Narrow klass base: 0x0000000000000000, Narrow klass shift: 3
Compressed class space size: 1073741824 Address: 0x0000000100000000

Heap:
 PSYoungGen      total 390144K, used 128495K [0x00000000e0000000, 0x00000000fd100000, 0x0000000100000000)
  eden space 344064K, 30% used [0x00000000e0000000,0x00000000e67d93b8,0x00000000f5000000)
  from space 46080K, 48% used [0x00000000f5000000,0x00000000f65a29d8,0x00000000f7d00000)
  to   space 45056K, 0% used [0x00000000fa500000,0x00000000fa500000,0x00000000fd100000)
 ParOldGen       total 292352K, used 105460K [0x00000000a0000000, 0x00000000b1d80000, 0x00000000e0000000)
  object space 292352K, 36% used [0x00000000a0000000,0x00000000a66fd168,0x00000000b1d80000)
 Metaspace       used 161661K, capacity 172446K, committed 173004K, reserved 1200128K
  class space    used 20542K, capacity 22298K, committed 22784K, reserved 1048576K

Card table byte_map: [0x0000000012050000,0x0000000012360000] byte_map_base: 0x0000000011b50000

Marking Bits: (ParMarkBitMap*) 0x000000005e9c9f30
 Begin Bits: [0x0000000012960000, 0x0000000014160000)
 End Bits:   [0x0000000014160000, 0x0000000015960000)

Polling page: 0x0000000000a00000

CodeCache: size=245760Kb used=102277Kb max_used=102277Kb free=143482Kb
 bounds [0x0000000002c90000, 0x0000000009110000, 0x0000000011c90000]
 total_blobs=28676 nmethods=27760 adapters=828
 compilation: enabled

Compilation events (10 events):
Event: 3895.400 Thread 0x0000000017a3c000 34919       2       com.android.tools.r8.dex.f::a (1 bytes)
Event: 3895.400 Thread 0x0000000017a3c000 nmethod 34919 0x00000000090e9350 code [0x00000000090e94a0, 0x00000000090e95f0]
Event: 3895.414 Thread 0x0000000017a3c000 34920       1       com.android.tools.r8.code.Const::getOpcode (3 bytes)
Event: 3895.415 Thread 0x0000000017a3c000 nmethod 34920 0x00000000090e9090 code [0x00000000090e91e0, 0x00000000090e92f0]
Event: 3895.420 Thread 0x0000000017a3c000 34921       2       com.android.tools.r8.code.l0::a (16 bytes)
Event: 3895.420 Thread 0x0000000017a3c000 nmethod 34921 0x00000000090e8c50 code [0x00000000090e8dc0, 0x00000000090e8f78]
Event: 3895.420 Thread 0x0000000017a3c000 34922       1       com.android.tools.r8.code.InvokeStaticRange::getOpcode (3 bytes)
Event: 3895.421 Thread 0x0000000017a3c000 nmethod 34922 0x00000000090e8990 code [0x00000000090e8ae0, 0x00000000090e8bf0]
Event: 3895.428 Thread 0x0000000017a3c000 34923       2       com.android.tools.r8.n.a.a.a.h.H0$c::iterator (12 bytes)
Event: 3895.429 Thread 0x0000000017a3c000 nmethod 34923 0x00000000090e8550 code [0x00000000090e86c0, 0x00000000090e88c8]

GC Heap History (10 events):
Event: 3881.893 GC heap before
{Heap before GC invocations=54 (full 5):
 PSYoungGen      total 343552K, used 308854K [0x00000000e0000000, 0x00000000f8300000, 0x0000000100000000)
  eden space 289792K, 100% used [0x00000000e0000000,0x00000000f1b00000,0x00000000f1b00000)
  from space 53760K, 35% used [0x00000000f4e80000,0x00000000f611d8f0,0x00000000f8300000)
  to   space 52736K, 0% used [0x00000000f1b00000,0x00000000f1b00000,0x00000000f4e80000)
 ParOldGen       total 292352K, used 105428K [0x00000000a0000000, 0x00000000b1d80000, 0x00000000e0000000)
  object space 292352K, 36% used [0x00000000a0000000,0x00000000a66f5168,0x00000000b1d80000)
 Metaspace       used 161372K, capacity 172078K, committed 172620K, reserved 1200128K
  class space    used 20533K, capacity 22294K, committed 22656K, reserved 1048576K
Event: 3881.920 GC heap after
Heap after GC invocations=54 (full 5):
 PSYoungGen      total 342528K, used 21190K [0x00000000e0000000, 0x00000000f9280000, 0x0000000100000000)
  eden space 289792K, 0% used [0x00000000e0000000,0x00000000e0000000,0x00000000f1b00000)
  from space 52736K, 40% used [0x00000000f1b00000,0x00000000f2fb1b00,0x00000000f4e80000)
  to   space 51200K, 0% used [0x00000000f6080000,0x00000000f6080000,0x00000000f9280000)
 ParOldGen       total 292352K, used 105436K [0x00000000a0000000, 0x00000000b1d80000, 0x00000000e0000000)
  object space 292352K, 36% used [0x00000000a0000000,0x00000000a66f7168,0x00000000b1d80000)
 Metaspace       used 161372K, capacity 172078K, committed 172620K, reserved 1200128K
  class space    used 20533K, capacity 22294K, committed 22656K, reserved 1048576K
}
Event: 3885.338 GC heap before
{Heap before GC invocations=55 (full 5):
 PSYoungGen      total 342528K, used 310982K [0x00000000e0000000, 0x00000000f9280000, 0x0000000100000000)
  eden space 289792K, 100% used [0x00000000e0000000,0x00000000f1b00000,0x00000000f1b00000)
  from space 52736K, 40% used [0x00000000f1b00000,0x00000000f2fb1b00,0x00000000f4e80000)
  to   space 51200K, 0% used [0x00000000f6080000,0x00000000f6080000,0x00000000f9280000)
 ParOldGen       total 292352K, used 105436K [0x00000000a0000000, 0x00000000b1d80000, 0x00000000e0000000)
  object space 292352K, 36% used [0x00000000a0000000,0x00000000a66f7168,0x00000000b1d80000)
 Metaspace       used 161497K, capacity 172210K, committed 172620K, reserved 1200128K
  class space    used 20538K, capacity 22294K, committed 22656K, reserved 1048576K
Event: 3885.489 GC heap after
Heap after GC invocations=55 (full 5):
 PSYoungGen      total 363008K, used 26248K [0x00000000e0000000, 0x00000000f9800000, 0x0000000100000000)
  eden space 311808K, 0% used [0x00000000e0000000,0x00000000e0000000,0x00000000f3080000)
  from space 51200K, 51% used [0x00000000f6080000,0x00000000f7a222b0,0x00000000f9280000)
  to   space 49152K, 0% used [0x00000000f3080000,0x00000000f3080000,0x00000000f6080000)
 ParOldGen       total 292352K, used 105444K [0x00000000a0000000, 0x00000000b1d80000, 0x00000000e0000000)
  object space 292352K, 36% used [0x00000000a0000000,0x00000000a66f9168,0x00000000b1d80000)
 Metaspace       used 161497K, capacity 172210K, committed 172620K, reserved 1200128K
  class space    used 20538K, capacity 22294K, committed 22656K, reserved 1048576K
}
Event: 3889.541 GC heap before
{Heap before GC invocations=56 (full 5):
 PSYoungGen      total 363008K, used 338056K [0x00000000e0000000, 0x00000000f9800000, 0x0000000100000000)
  eden space 311808K, 100% used [0x00000000e0000000,0x00000000f3080000,0x00000000f3080000)
  from space 51200K, 51% used [0x00000000f6080000,0x00000000f7a222b0,0x00000000f9280000)
  to   space 49152K, 0% used [0x00000000f3080000,0x00000000f3080000,0x00000000f6080000)
 ParOldGen       total 292352K, used 105444K [0x00000000a0000000, 0x00000000b1d80000, 0x00000000e0000000)
  object space 292352K, 36% used [0x00000000a0000000,0x00000000a66f9168,0x00000000b1d80000)
 Metaspace       used 161525K, capacity 172218K, committed 172620K, reserved 1200128K
  class space    used 20538K, capacity 22294K, committed 22656K, reserved 1048576K
Event: 3889.605 GC heap after
Heap after GC invocations=56 (full 5):
 PSYoungGen      total 360960K, used 26519K [0x00000000e0000000, 0x00000000fab00000, 0x0000000100000000)
  eden space 311808K, 0% used [0x00000000e0000000,0x00000000e0000000,0x00000000f3080000)
  from space 49152K, 53% used [0x00000000f3080000,0x00000000f4a65f90,0x00000000f6080000)
  to   space 47104K, 0% used [0x00000000f7d00000,0x00000000f7d00000,0x00000000fab00000)
 ParOldGen       total 292352K, used 105452K [0x00000000a0000000, 0x00000000b1d80000, 0x00000000e0000000)
  object space 292352K, 36% used [0x00000000a0000000,0x00000000a66fb168,0x00000000b1d80000)
 Metaspace       used 161525K, capacity 172218K, committed 172620K, reserved 1200128K
  class space    used 20538K, capacity 22294K, committed 22656K, reserved 1048576K
}
Event: 3891.785 GC heap before
{Heap before GC invocations=57 (full 5):
 PSYoungGen      total 360960K, used 338327K [0x00000000e0000000, 0x00000000fab00000, 0x0000000100000000)
  eden space 311808K, 100% used [0x00000000e0000000,0x00000000f3080000,0x00000000f3080000)
  from space 49152K, 53% used [0x00000000f3080000,0x00000000f4a65f90,0x00000000f6080000)
  to   space 47104K, 0% used [0x00000000f7d00000,0x00000000f7d00000,0x00000000fab00000)
 ParOldGen       total 292352K, used 105452K [0x00000000a0000000, 0x00000000b1d80000, 0x00000000e0000000)
  object space 292352K, 36% used [0x00000000a0000000,0x00000000a66fb168,0x00000000b1d80000)
 Metaspace       used 161564K, capacity 172304K, committed 173004K, reserved 1200128K
  class space    used 20541K, capacity 22297K, committed 22784K, reserved 1048576K
Event: 3891.910 GC heap after
Heap after GC invocations=57 (full 5):
 PSYoungGen      total 391168K, used 29984K [0x00000000e0000000, 0x00000000fb000000, 0x0000000100000000)
  eden space 344064K, 0% used [0x00000000e0000000,0x00000000e0000000,0x00000000f5000000)
  from space 47104K, 63% used [0x00000000f7d00000,0x00000000f9a48048,0x00000000fab00000)
  to   space 46080K, 0% used [0x00000000f5000000,0x00000000f5000000,0x00000000f7d00000)
 ParOldGen       total 292352K, used 105460K [0x00000000a0000000, 0x00000000b1d80000, 0x00000000e0000000)
  object space 292352K, 36% used [0x00000000a0000000,0x00000000a66fd168,0x00000000b1d80000)
 Metaspace       used 161564K, capacity 172304K, committed 173004K, reserved 1200128K
  class space    used 20541K, capacity 22297K, committed 22784K, reserved 1048576K
}
Event: 3894.232 GC heap before
{Heap before GC invocations=58 (full 5):
 PSYoungGen      total 391168K, used 374048K [0x00000000e0000000, 0x00000000fb000000, 0x0000000100000000)
  eden space 344064K, 100% used [0x00000000e0000000,0x00000000f5000000,0x00000000f5000000)
  from space 47104K, 63% used [0x00000000f7d00000,0x00000000f9a48048,0x00000000fab00000)
  to   space 46080K, 0% used [0x00000000f5000000,0x00000000f5000000,0x00000000f7d00000)
 ParOldGen       total 292352K, used 105460K [0x00000000a0000000, 0x00000000b1d80000, 0x00000000e0000000)
  object space 292352K, 36% used [0x00000000a0000000,0x00000000a66fd168,0x00000000b1d80000)
 Metaspace       used 161639K, capacity 172308K, committed 173004K, reserved 1200128K
  class space    used 20541K, capacity 22297K, committed 22784K, reserved 1048576K
Event: 3894.287 GC heap after
Heap after GC invocations=58 (full 5):
 PSYoungGen      total 390144K, used 22154K [0x00000000e0000000, 0x00000000fd100000, 0x0000000100000000)
  eden space 344064K, 0% used [0x00000000e0000000,0x00000000e0000000,0x00000000f5000000)
  from space 46080K, 48% used [0x00000000f5000000,0x00000000f65a29d8,0x00000000f7d00000)
  to   space 45056K, 0% used [0x00000000fa500000,0x00000000fa500000,0x00000000fd100000)
 ParOldGen       total 292352K, used 105460K [0x00000000a0000000, 0x00000000b1d80000, 0x00000000e0000000)
  object space 292352K, 36% used [0x00000000a0000000,0x00000000a66fd168,0x00000000b1d80000)
 Metaspace       used 161639K, capacity 172308K, committed 173004K, reserved 1200128K
  class space    used 20541K, capacity 22297K, committed 22784K, reserved 1048576K
}

Deoptimization events (10 events):
Event: 3889.781 Thread 0x00000000188b6000 Uncommon trap: reason=array_check action=maybe_recompile pc=0x0000000008d9cd4c method=java.util.TimSort.mergeHi(IIII)V @ 524
Event: 3890.050 Thread 0x000000002aeae000 Uncommon trap: reason=unstable_if action=reinterpret pc=0x0000000008de62e8 method=com.android.tools.r8.ir.optimize.CodeRewriter.e(Lcom/android/tools/r8/ir/code/Instruction;)Z @ 27
Event: 3891.779 Thread 0x00000000188b6000 Uncommon trap: reason=unstable_if action=reinterpret pc=0x0000000008dd57f0 method=com.android.tools.r8.graph.DexString.<init>(Ljava/lang/String;)V @ 32
Event: 3891.946 Thread 0x00000000188b6000 Uncommon trap: reason=class_check action=maybe_recompile pc=0x0000000008d95950 method=com.android.tools.r8.ir.analysis.g.e.b(Lcom/android/tools/r8/ir/code/Instruction;)V @ 241
Event: 3892.041 Thread 0x000000002aeaf000 Uncommon trap: reason=class_check action=maybe_recompile pc=0x0000000008d9590c method=com.android.tools.r8.ir.analysis.g.e.b(Lcom/android/tools/r8/ir/code/Instruction;)V @ 376
Event: 3892.525 Thread 0x00000000188b6000 Uncommon trap: reason=class_check action=maybe_recompile pc=0x0000000008d95950 method=com.android.tools.r8.ir.analysis.g.e.b(Lcom/android/tools/r8/ir/code/Instruction;)V @ 241
Event: 3892.643 Thread 0x000000002aeae000 Uncommon trap: reason=unstable_if action=reinterpret pc=0x0000000008451f08 method=com.android.tools.r8.graph.DexString.slowCompareTo(Lcom/android/tools/r8/graph/DexString;)I @ 141
Event: 3892.829 Thread 0x000000002aeae000 Uncommon trap: reason=unstable_if action=reinterpret pc=0x00000000088af060 method=com.android.tools.r8.dex.DexOutputBuffer.j(I)V @ 8
Event: 3893.424 Thread 0x00000000188b6000 Uncommon trap: reason=class_check action=maybe_recompile pc=0x0000000008d95950 method=com.android.tools.r8.ir.analysis.g.e.b(Lcom/android/tools/r8/ir/code/Instruction;)V @ 241
Event: 3894.471 Thread 0x000000002aeaf000 Uncommon trap: reason=unstable_if action=reinterpret pc=0x0000000008ed09b4 method=com.android.tools.r8.ir.optimize.PeepholeOptimizer.a(Lcom/android/tools/r8/ir/code/IRCode;Lcom/android/tools/r8/ir/regalloc/RegisterAllocator;I)V @ 908

Classes redefined (0 events):
No events

Internal exceptions (10 events):
Event: 3889.835 Thread 0x00000000188b6000 Exception <a 'sun/nio/fs/WindowsException'> (0x00000000e2dd07e8) thrown at [D:\src\AOSP-openjdk-cygwin\jdk8u\hotspot\src\share\vm\prims\jni.cpp, line 710]
Event: 3890.990 Thread 0x000000002aeaf000 Exception <a 'sun/nio/fs/WindowsException'> (0x00000000ebc792b8) thrown at [D:\src\AOSP-openjdk-cygwin\jdk8u\hotspot\src\share\vm\prims\jni.cpp, line 710]
Event: 3891.574 Thread 0x00000000188b6000 Exception <a 'sun/nio/fs/WindowsException'> (0x00000000f07dac60) thrown at [D:\src\AOSP-openjdk-cygwin\jdk8u\hotspot\src\share\vm\prims\jni.cpp, line 710]
Event: 3891.699 Thread 0x000000002aeb4000 Exception <a 'sun/nio/fs/WindowsException'> (0x00000000f080cef8) thrown at [D:\src\AOSP-openjdk-cygwin\jdk8u\hotspot\src\share\vm\prims\jni.cpp, line 710]
Event: 3892.350 Thread 0x000000002aeaf000 Exception <a 'sun/nio/fs/WindowsException'> (0x00000000e5482e88) thrown at [D:\src\AOSP-openjdk-cygwin\jdk8u\hotspot\src\share\vm\prims\jni.cpp, line 710]
Event: 3892.973 Thread 0x000000002aeae000 Exception <a 'sun/nio/fs/WindowsException'> (0x00000000ea684020) thrown at [D:\src\AOSP-openjdk-cygwin\jdk8u\hotspot\src\share\vm\prims\jni.cpp, line 710]
Event: 3894.460 Thread 0x000000002aeaf000 Exception <a 'sun/nio/fs/WindowsException'> (0x00000000e1ed3318) thrown at [D:\src\AOSP-openjdk-cygwin\jdk8u\hotspot\src\share\vm\prims\jni.cpp, line 710]
Event: 3894.852 Thread 0x000000002aeaf000 Exception <a 'sun/nio/fs/WindowsException'> (0x00000000e471c4f0) thrown at [D:\src\AOSP-openjdk-cygwin\jdk8u\hotspot\src\share\vm\prims\jni.cpp, line 710]
Event: 3895.398 Thread 0x00000000188b6000 Exception <a 'sun/nio/fs/WindowsException'> (0x00000000e6444408) thrown at [D:\src\AOSP-openjdk-cygwin\jdk8u\hotspot\src\share\vm\prims\jni.cpp, line 710]
Event: 3895.431 Thread 0x000000002aeb4000 Exception <a 'sun/nio/fs/WindowsException'> (0x00000000e66eac18) thrown at [D:\src\AOSP-openjdk-cygwin\jdk8u\hotspot\src\share\vm\prims\jni.cpp, line 710]

Events (10 events):
Event: 3895.340 Thread 0x00000000188b6000 DEOPT PACKING pc=0x0000000007010bbe sp=0x000000001a3aa970
Event: 3895.340 Thread 0x00000000188b6000 DEOPT UNPACKING pc=0x0000000002cd71d0 sp=0x000000001a3aa6e0 mode 0
Event: 3895.340 Thread 0x000000002aeb4000 DEOPT PACKING pc=0x00000000075e4c26 sp=0x000000002a5ece10
Event: 3895.340 Thread 0x000000002aeb4000 DEOPT UNPACKING pc=0x0000000002cd71d0 sp=0x000000002a5ecb50 mode 0
Event: 3895.343 Thread 0x000000002aeb4000 DEOPT PACKING pc=0x0000000007010bbe sp=0x000000002a5ecc20
Event: 3895.343 Thread 0x000000002aeb4000 DEOPT UNPACKING pc=0x0000000002cd71d0 sp=0x000000002a5ec990 mode 0
Event: 3895.347 Thread 0x00000000188b6000 DEOPT PACKING pc=0x0000000008d30669 sp=0x000000001a3aacb0
Event: 3895.347 Thread 0x00000000188b6000 DEOPT UNPACKING pc=0x0000000002cd71d0 sp=0x000000001a3aaa90 mode 0
Event: 3895.351 Thread 0x00000000188b6000 DEOPT PACKING pc=0x00000000048da179 sp=0x000000001a3aac80
Event: 3895.351 Thread 0x00000000188b6000 DEOPT UNPACKING pc=0x0000000002cd71d0 sp=0x000000001a3aaa60 mode 0


Dynamic libraries:
0x00007ff616110000 - 0x00007ff616141000 	C:\Program Files\Android\Android Studio\jre\bin\java.exe
0x00007ffa83a00000 - 0x00007ffa83bf0000 	C:\WINDOWS\SYSTEM32\ntdll.dll
0x00007ffa828b0000 - 0x00007ffa82962000 	C:\WINDOWS\System32\KERNEL32.DLL
0x00007ffa80ad0000 - 0x00007ffa80d74000 	C:\WINDOWS\System32\KERNELBASE.dll
0x00007ffa831f0000 - 0x00007ffa83293000 	C:\WINDOWS\System32\ADVAPI32.dll
0x00007ffa836c0000 - 0x00007ffa8375e000 	C:\WINDOWS\System32\msvcrt.dll
0x00007ffa837c0000 - 0x00007ffa83857000 	C:\WINDOWS\System32\sechost.dll
0x00007ffa83890000 - 0x00007ffa839b0000 	C:\WINDOWS\System32\RPCRT4.dll
0x00007ffa829b0000 - 0x00007ffa82b44000 	C:\WINDOWS\System32\USER32.dll
0x00007ffa817e0000 - 0x00007ffa81801000 	C:\WINDOWS\System32\win32u.dll
0x00007ffa83860000 - 0x00007ffa83886000 	C:\WINDOWS\System32\GDI32.dll
0x00007ffa81910000 - 0x00007ffa81aa4000 	C:\WINDOWS\System32\gdi32full.dll
0x00007ffa80a30000 - 0x00007ffa80ace000 	C:\WINDOWS\System32\msvcp_win.dll
0x00007ffa81810000 - 0x00007ffa8190a000 	C:\WINDOWS\System32\ucrtbase.dll
0x00007ffa75cf0000 - 0x00007ffa75f74000 	C:\WINDOWS\WinSxS\amd64_microsoft.windows.common-controls_6595b64144ccf1df_6.0.18362.836_none_e6c4b943130f18ed\COMCTL32.dll
0x00007ffa82cf0000 - 0x00007ffa83026000 	C:\WINDOWS\System32\combase.dll
0x00007ffa80990000 - 0x00007ffa80a10000 	C:\WINDOWS\System32\bcryptPrimitives.dll
0x00007ffa82970000 - 0x00007ffa8299e000 	C:\WINDOWS\System32\IMM32.DLL
0x000000005e120000 - 0x000000005e1f2000 	C:\Program Files\Android\Android Studio\jre\jre\bin\msvcr100.dll
0x000000005e200000 - 0x000000005ea46000 	C:\Program Files\Android\Android Studio\jre\jre\bin\server\jvm.dll
0x00007ffa839b0000 - 0x00007ffa839b8000 	C:\WINDOWS\System32\PSAPI.DLL
0x00007ffa6f3c0000 - 0x00007ffa6f3c9000 	C:\WINDOWS\SYSTEM32\WSOCK32.dll
0x00007ffa83030000 - 0x00007ffa8309f000 	C:\WINDOWS\System32\WS2_32.dll
0x00007ffa7ea30000 - 0x00007ffa7ea54000 	C:\WINDOWS\SYSTEM32\WINMM.dll
0x00007ffa7e9d0000 - 0x00007ffa7e9fd000 	C:\WINDOWS\SYSTEM32\WINMMBASE.dll
0x00007ffa7b920000 - 0x00007ffa7b92a000 	C:\WINDOWS\SYSTEM32\VERSION.dll
0x00007ffa81680000 - 0x00007ffa816ca000 	C:\WINDOWS\System32\cfgmgr32.dll
0x00007ffa7d180000 - 0x00007ffa7d18f000 	C:\Program Files\Android\Android Studio\jre\jre\bin\verify.dll
0x00007ffa6e410000 - 0x00007ffa6e439000 	C:\Program Files\Android\Android Studio\jre\jre\bin\java.dll
0x00007ffa73420000 - 0x00007ffa73436000 	C:\Program Files\Android\Android Studio\jre\jre\bin\zip.dll
0x00007ffa82150000 - 0x00007ffa82834000 	C:\WINDOWS\System32\SHELL32.dll
0x00007ffa832a0000 - 0x00007ffa83349000 	C:\WINDOWS\System32\shcore.dll
0x00007ffa80f00000 - 0x00007ffa8167e000 	C:\WINDOWS\System32\windows.storage.dll
0x00007ffa80960000 - 0x00007ffa80983000 	C:\WINDOWS\System32\profapi.dll
0x00007ffa808f0000 - 0x00007ffa8093a000 	C:\WINDOWS\System32\powrprof.dll
0x00007ffa808c0000 - 0x00007ffa808d0000 	C:\WINDOWS\System32\UMPDC.dll
0x00007ffa83480000 - 0x00007ffa834d2000 	C:\WINDOWS\System32\shlwapi.dll
0x00007ffa808d0000 - 0x00007ffa808e1000 	C:\WINDOWS\System32\kernel.appcore.dll
0x00007ffa80a10000 - 0x00007ffa80a27000 	C:\WINDOWS\System32\cryptsp.dll
0x00007ffa733c0000 - 0x00007ffa733da000 	C:\Program Files\Android\Android Studio\jre\jre\bin\net.dll
0x00007ffa800d0000 - 0x00007ffa80137000 	C:\WINDOWS\system32\mswsock.dll
0x00007ffa72520000 - 0x00007ffa72531000 	C:\Program Files\Android\Android Studio\jre\jre\bin\nio.dll
0x00007ffa59820000 - 0x00007ffa59846000 	C:\Users\sk902\.gradle\native\29\windows-amd64\native-platform.dll
0x00007ffa7c820000 - 0x00007ffa7c82d000 	C:\Program Files\Android\Android Studio\jre\jre\bin\management.dll
0x00007ffa7fc40000 - 0x00007ffa7fc73000 	C:\WINDOWS\system32\rsaenh.dll
0x00007ffa80ed0000 - 0x00007ffa80ef6000 	C:\WINDOWS\System32\bcrypt.dll
0x00007ffa807e0000 - 0x00007ffa80805000 	C:\WINDOWS\SYSTEM32\USERENV.dll
0x00007ffa802a0000 - 0x00007ffa802ac000 	C:\WINDOWS\SYSTEM32\CRYPTBASE.dll
0x00007ffa7fde0000 - 0x00007ffa7fe1a000 	C:\WINDOWS\SYSTEM32\IPHLPAPI.DLL
0x00007ffa831e0000 - 0x00007ffa831e8000 	C:\WINDOWS\System32\NSI.dll
0x00007ffa7b630000 - 0x00007ffa7b646000 	C:\WINDOWS\SYSTEM32\dhcpcsvc6.DLL
0x00007ffa7b610000 - 0x00007ffa7b62c000 	C:\WINDOWS\SYSTEM32\dhcpcsvc.DLL
0x00007ffa7fe20000 - 0x00007ffa7feeb000 	C:\WINDOWS\SYSTEM32\DNSAPI.dll
0x00007ffa5bbe0000 - 0x00007ffa5bc04000 	C:\Program Files\Android\Android Studio\jre\jre\bin\sunec.dll
0x00007ffa759b0000 - 0x00007ffa759ba000 	C:\Windows\System32\rasadhlp.dll
0x00007ffa7a780000 - 0x00007ffa7a7f7000 	C:\WINDOWS\System32\fwpuclnt.dll
0x00007ffa6fad0000 - 0x00007ffa6fadb000 	C:\Program Files\Android\Android Studio\jre\jre\bin\sunmscapi.dll
0x00007ffa80d80000 - 0x00007ffa80ec9000 	C:\WINDOWS\System32\CRYPT32.dll
0x00007ffa80940000 - 0x00007ffa80952000 	C:\WINDOWS\System32\MSASN1.dll
0x00007ffa7eb30000 - 0x00007ffa7ebbf000 	C:\WINDOWS\system32\apphelp.dll

VM Arguments:
jvm_args: -Xmx1536m -Dfile.encoding=x-windows-949 -Duser.country=KR -Duser.language=ko -Duser.variant 
java_command: org.gradle.launcher.daemon.bootstrap.GradleDaemon 5.4.1
java_class_path (initial): C:\Users\sk902\.gradle\wrapper\dists\gradle-5.4.1-all\3221gyojl5jsh0helicew7rwx\gradle-5.4.1\lib\gradle-launcher-5.4.1.jar
Launcher Type: SUN_STANDARD

Environment Variables:
JAVA_HOME=C:\Program Files\Java\jdk1.8.0_201
PATH=D:\oracle\dbhomeXE\bin;D:\app\sk902\product\11.2.0\dbhome_1\bin;C:\Program Files (x86)\Common Files\Oracle\Java\javapath;C:\oraclexe\app\oracle\product\11.2.0\server\bin;C:\Windows\system32;C:\Windows;C:\Windows\System32\Wbem;C:\Windows\System32\WindowsPowerShell\v1.0\;C:\Windows\System32\OpenSSH\;C:\Program Files (x86)\NVIDIA Corporation\PhysX\Common;C:\Program Files\Java\jdk1.8.0_201\bin;C:\Program Files\NVIDIA Corporation\NVIDIA NvDLISR;C:\Program Files\MySQL\MySQL Utilities 1.6\;C:\WINDOWS\system32;C:\WINDOWS;C:\WINDOWS\System32\Wbem;C:\WINDOWS\System32\WindowsPowerShell\v1.0\;C:\WINDOWS\System32\OpenSSH\;C:\Program Files\Git\cmd;D:\;D:\nodejs\;C:\Program Files\MySQL\MySQL Shell 8.0\bin\;C:\Users\sk902\AppData\Local\Programs\Python\Python37-32\Scripts\;C:\Users\sk902\AppData\Local\Programs\Python\Python37-32\;C:\Users\sk902\AppData\Local\Microsoft\WindowsApps;C:\Users\sk902\AppData\Roaming\npm;C:\Users\sk902\AppData\Local\atom\bin
USERNAME=sk902
OS=Windows_NT
PROCESSOR_IDENTIFIER=Intel64 Family 6 Model 158 Stepping 9, GenuineIntel



---------------  S Y S T E M  ---------------

OS: Windows 10.0 , 64 bit Build 18362 (10.0.18362.778)

CPU:total 4 (initial active 4) (2 cores per cpu, 2 threads per core) family 6 model 158 stepping 9, cmov, cx8, fxsr, mmx, sse, sse2, sse3, ssse3, sse4.1, sse4.2, popcnt, aes, clmul, erms, 3dnowpref, lzcnt, ht, tsc, tscinvbit

Memory: 4k page, physical 8351880k(467220k free), swap 18455428k(5712k free)

vm_info: OpenJDK 64-Bit Server VM (25.202-b03) for windows-amd64 JRE (1.8.0_202-release-1483-b03), built by "builder" with MS VC++ 10.0 (VS2010)

time: Sun May 31 18:05:37 2020
timezone: 대한민국 표준시
elapsed time: 3895 seconds (0d 1h 4m 55s)

